INFO:root:Failed on fight-1994-12-16joecharleskevinrosier.txt
INFO:root:Failed on fight-1994-12-16marcusbossetteldoxavierdias.txt
INFO:root:Failed on fight-1995-07-14anthonymaciashe-mangipson.txt
INFO:root:Failed on fight-1995-07-14joelsuttonjackmcglaughlin.txt
INFO:root:Failed on fight-1995-09-08joelsuttongezakalman.txt
INFO:root:Failed on fight-1995-09-08onassisparungaofrancescomaturi.txt
INFO:root:Failed on fight-1995-12-16joecharlesscottbessac.txt
INFO:root:Failed on fight-1995-12-16markhalltrentjenkins.txt
INFO:root:Failed on fight-1996-02-16samadkinskeithmielke.txt
INFO:root:Failed on fight-1996-07-12samadkinsfelixleemitchell.txt
INFO:root:Failed on fight-1996-09-20robertotravendaveberry.txt
INFO:root:Failed on fight-1996-09-20scottferrozzosamfulton.txt
INFO:root:Failed on fight-1996-12-07markhallfelixleemitchell.txt
INFO:root:Failed on fight-1996-12-07stevenelmarkmarcusbossett.txt
INFO:root:Failed on fight-1996-12-07taibowdenjacknilson.txt
INFO:root:Failed on fight-1997-02-07justinmartinericmartin.txt
INFO:root:Failed on fight-1997-02-07nicksanzojackielee.txt
INFO:root:Failed on fight-1998-03-13chrisbrennancourtneyturner.txt
INFO:root:Failed on fight-1998-03-13laverneclarkjoshstuart.txt
INFO:root:Failed on fight-1998-05-15andrerobertsharrymoskowitz.txt
INFO:root:Failed on fight-1998-10-16cesarmarscuccipaulosantos.txt
